<?xml version="1.0" encoding="utf-8" standalone="no"?>
<!--This file represents the results of running a test suite-->
<test-results name="C:\Users\Stephen\OneDrive\Web\Git\30-websites-in-asp-net\W2-Mastermind\W2-Mastermind\W2-Mastermind\bin\W2-Mastermind.dll" total="7" errors="0" failures="0" not-run="0" inconclusive="0" ignored="0" skipped="0" invalid="0" date="2015-02-10" time="11:32:25">
  <environment nunit-version="2.6.4.14350" clr-version="2.0.50727.8009" os-version="Microsoft Windows NT 6.2.9200.0" platform="Win32NT" cwd="C:\Users\Stephen\OneDrive\Web\NUnit.Runners.2.6.4\tools" machine-name="USER-PC" user="Stephen" user-domain="USER-PC" />
  <culture-info current-culture="en-GB" current-uiculture="en-GB" />
  <test-suite type="Assembly" name="C:\Users\Stephen\OneDrive\Web\Git\30-websites-in-asp-net\W2-Mastermind\W2-Mastermind\W2-Mastermind\bin\W2-Mastermind.dll" executed="True" result="Success" success="True" time="0.182" asserts="0">
    <results>
      <test-suite type="Namespace" name="MastermindTest" executed="True" result="Success" success="True" time="0.155" asserts="0">
        <results>
          <test-suite type="TestFixture" name="MastermindSequenceTest" executed="True" result="Success" success="True" time="0.151" asserts="0">
            <results>
              <test-case name="MastermindTest.MastermindSequenceTest.InvalidArgumentTest" executed="True" result="Success" success="True" time="0.044" asserts="0" />
              <test-case name="MastermindTest.MastermindSequenceTest.RandomSequenceTest" executed="True" result="Success" success="True" time="0.008" asserts="2" />
              <test-case name="MastermindTest.MastermindSequenceTest.ScoreSequenceAllIncorrectTest" executed="True" result="Success" success="True" time="0.001" asserts="1" />
              <test-case name="MastermindTest.MastermindSequenceTest.ScoreSequenceJustRightPlaceTest" executed="True" result="Success" success="True" time="0.027" asserts="5" />
              <test-case name="MastermindTest.MastermindSequenceTest.ScoreSequenceJustWrongPlaceTest" executed="True" result="Success" success="True" time="0.003" asserts="6" />
              <test-case name="MastermindTest.MastermindSequenceTest.ScoreSequenceMixRightWrongPlaceTest" executed="True" result="Success" success="True" time="0.002" asserts="3" />
              <test-case name="MastermindTest.MastermindSequenceTest.ToStringTest" executed="True" result="Success" success="True" time="0.003" asserts="3" />
            </results>
          </test-suite>
        </results>
      </test-suite>
    </results>
  </test-suite>
</test-results>